<?xml version="1.0" encoding="UTF-8"?>
<!-- Generated by org.testng.reporters.JUnitReportReporter -->
<testsuite hostname="LAPTOP-F2PLA7Q6" failures="0" tests="1" name="testCases.TC_AddCustomerTest_003" time="18.688" errors="0" timestamp="2022-02-25T18:44:51 PKT" skipped="0">
  <testcase classname="testCases.TC_AddCustomerTest_003" name="addNewCustomer" time="18.688"/>
  <system-out/>
</testsuite> <!-- testCases.TC_AddCustomerTest_003 -->
