<?xml version="1.0" encoding="UTF-8"?>
<!-- Generated by org.testng.reporters.JUnitReportReporter -->
<testsuite hostname="LAPTOP-F2PLA7Q6" failures="0" tests="1" name="testCases.TC_LoginTest_001" time="3.850" errors="0" timestamp="2022-02-26T15:30:52 PKT" skipped="0">
  <testcase classname="testCases.TC_LoginTest_001" name="loginTest" time="3.850"/>
  <system-out/>
</testsuite> <!-- testCases.TC_LoginTest_001 -->
