<?xml version="1.0" encoding="UTF-8"?>
<!-- Generated by org.testng.reporters.JUnitReportReporter -->
<testsuite hostname="LAPTOP-F2PLA7Q6" failures="0" tests="1" name="testCases.TC_AddCustomerTest_003" time="19.581" errors="0" timestamp="2022-04-25T21:10:01 PKT" skipped="0">
  <testcase classname="testCases.TC_AddCustomerTest_003" name="addNewCustomer" time="19.581"/>
  <system-out/>
</testsuite> <!-- testCases.TC_AddCustomerTest_003 -->
