<?xml version="1.0" encoding="UTF-8"?>
<!-- Generated by org.testng.reporters.JUnitReportReporter -->
<testsuite hostname="LAPTOP-F2PLA7Q6" failures="0" tests="1" name="testCases.TC_LoginTest_001" time="4.711" errors="0" timestamp="2022-03-01T15:11:19 PKT" skipped="0">
  <testcase classname="testCases.TC_LoginTest_001" name="loginTest" time="4.711"/>
  <system-out/>
</testsuite> <!-- testCases.TC_LoginTest_001 -->
