<?xml version="1.0" encoding="UTF-8"?>
<!-- Generated by org.testng.reporters.JUnitReportReporter -->
<testsuite hostname="LAPTOP-F2PLA7Q6" failures="0" tests="1" name="testCases.TC_LoginTest_001" time="6.573" errors="0" timestamp="2022-05-04T20:49:00 PKT" skipped="0">
  <testcase classname="testCases.TC_LoginTest_001" name="loginTest" time="6.573"/>
  <system-out/>
</testsuite> <!-- testCases.TC_LoginTest_001 -->
